Arguments: 
  C:\Program Files\nodejs\node.exe C:\Users\Hp\AppData\Roaming\npm\node_modules\yarn\bin\yarn.js

PATH: 
  C:\Program Files (x86)\PowerShell\7;C:\cmder\vendor\git-for-windows\cmd;C:\cmder\vendor\conemu-maximus5\ConEmu\Scripts;C:\cmder\vendor\conemu-maximus5;C:\cmder\vendor\conemu-maximus5\ConEmu;C:\Ruby32-x64\bin;C:\Python311\Scripts\;C:\Python311\;C:\WINDOWS\system32;C:\WINDOWS;C:\WINDOWS\System32\Wbem;C:\WINDOWS\System32\WindowsPowerShell\v1.0\;C:\WINDOWS\System32\OpenSSH\;C:\Program Files\Git\cmd;C:\wamp64\bin\php\php7.3.21;C:\ProgramData\ComposerSetup\bin;C:\ProgramData\chocolatey\bin;C:\Users\Hp\AppData\Local\Android\Sdk\platform-tools;C:\Users\Hp\AppData\Local\Android\Sdk\tools;C:\Program Files\Java\jdk1.8.0_211\bin;C:\gradle\gradle-7.0.2\bin;C:\Program Files\PostgreSQL\14\lib;C:\Program Files\PostgreSQL\14\bin;C:\Program Files (x86)\Google\Cloud SDK\google-cloud-sdk\bin;C:\Users\Hp\AppData\Roaming\nvm;C:\Program Files\nodejs;C:\Program Files\nodejs;C:\Program Files\PuTTY\;C:\Program Files (x86)\PowerShell\7\;C:\Program Files\Docker\Docker\resources\bin;C:\Program Files\Amazon\AWSSAMCLI\bin\;C:\Program Files\Amazon\AWSCLIV2\;C:\Users\Hp\.windows-build-tools\python27\;C:\Users\Hp\AppData\Roaming\npm\node_modules\windows-build-tools\node_modules\.bin;C:\Users\Hp\AppData\Roaming\npm\node_modules\node_modules\.bin;C:\Users\Hp\AppData\Roaming\npm\node_modules\.bin;C:\Users\Hp\AppData\Roaming\node_modules\.bin;C:\Users\Hp\AppData\node_modules\.bin;C:\Users\Hp\node_modules\.bin;C:\Users\node_modules\.bin;C:\node_modules\.bin;C:\Users\Hp\AppData\Roaming\nvm\v16.13.2\node_modules\npm\node_modules\@npmcli\run-script\lib\node-gyp-bin;C:\Python311\Scripts\;C:\Python311\;C:\WINDOWS\system32;C:\WINDOWS;C:\WINDOWS\System32\Wbem;C:\WINDOWS\System32\WindowsPowerShell\v1.0\;C:\WINDOWS\System32\OpenSSH\;C:\Program Files\Git\cmd;C:\wamp64\bin\php\php7.3.21;C:\ProgramData\ComposerSetup\bin;C:\ProgramData\chocolatey\bin;C:\Users\Hp\AppData\Local\Android\Sdk\platform-tools;C:\Users\Hp\AppData\Local\Android\Sdk\tools;C:\Program Files\Java\jdk1.8.0_211\bin;C:\gradle\gradle-7.0.2\bin;C:\Program Files\PostgreSQL\14\lib;C:\Program Files\PostgreSQL\14\bin;C:\Program Files (x86)\Google\Cloud SDK\google-cloud-sdk\bin;C:\Users\Hp\AppData\Roaming\nvm;C:\Program Files\nodejs;C:\Program Files\nodejs;C:\Program Files\PuTTY\;C:\Program Files (x86)\PowerShell\7\;C:\Program Files\Docker\Docker\resources\bin;C:\Program Files\Amazon\AWSSAMCLI\bin\;C:\Program Files\Amazon\AWSCLIV2\;C:\Users\Hp\AppData\Local\pnpm;C:\Users\Hp\AppData\Local\Microsoft\WindowsApps;C:\Users\Hp\AppData\Local\Programs\Microsoft VS Code\bin;C:\flutter\bin;C:\Users\Hp\AppData\Roaming\Composer\vendor\bin;C:\tools\dart-sdk\bin;C:\Users\Hp\AppData\Roaming\Pub\Cache\bin;C:\Users\Hp\AppData\Roaming\npm;C:\Users\Hp\Downloads\ngrok-v3-stable-windows-amd64;C:\Users\Hp\AppData\Local\Pub\Cache\bin;C:\Users\Hp\.fly\bin;C:\Users\Hp\.bun\bin;C:\cmder\vendor\git-for-windows\mingw64\bin;C:\cmder\vendor\git-for-windows\usr\bin;C:\cmder\vendor\bin;C:\cmder

Yarn version: 
  1.22.10

Node version: 
  18.17.0

Platform: 
  win32 x64

Trace: 
  Error: https://registry.yarnpkg.com/@firebase/firestore/-/firestore-4.4.0.tgz: ESOCKETTIMEDOUT
      at ClientRequest.<anonymous> (C:\Users\Hp\AppData\Roaming\npm\node_modules\yarn\lib\cli.js:141289:19)
      at Object.onceWrapper (node:events:628:28)
      at ClientRequest.emit (node:events:514:28)
      at TLSSocket.emitRequestTimeout (node:_http_client:847:9)
      at Object.onceWrapper (node:events:628:28)
      at TLSSocket.emit (node:events:526:35)
      at Socket._onTimeout (node:net:571:8)
      at listOnTimeout (node:internal/timers:569:17)
      at process.processTimers (node:internal/timers:512:7)

npm manifest: 
  {
  	"name": "frontend",
  	"version": "0.0.1",
  	"private": true,
  	"scripts": {
  		"dev": "vite dev",
  		"build": "vite build",
  		"preview": "vite preview"
  	},
  	"devDependencies": {
  		"@sveltejs/adapter-auto": "^2.0.0",
  		"@sveltejs/adapter-node": "^1.3.1",
  		"@sveltejs/kit": "^1.20.4",
  		"svelte": "^4.0.5",
  		"vite": "^4.4.2"
  	},
  	"type": "module",
  	"dependencies": {
  		"@auth/core": "^0.12.0",
  		"@auth/sveltekit": "^0.3.6",
  		"axios": "^1.5.0",
  		"canvas": "^2.11.2",
  		"check-internet-connected": "^2.0.6",
  		"date-fns": "^2.30.0",
  		"dotenv": "^16.3.1",
  		"firebase": "^10.3.0",
  		"howler": "^2.2.4",
  		"is-online": "^10.0.0",
  		"konva": "^9.2.0",
  		"moment": "^2.29.4",
  		"pusher": "^5.1.3",
  		"pusher-js": "^8.3.0",
  		"rxfire": "^6.0.4",
  		"rxjs": "^7.8.1",
  		"socket.io-client": "^4.7.2",
  		"svelte-icons-pack": "^2.1.0",
  		"svelte-kit-cookie-session": "^4.0.0",
  		"svelte-konva": "^0.3.1",
  		"swiper": "^10.1.0",
  		"tronweb": "^5.3.0"
  	}
  }

yarn manifest: 
  No manifest

Lockfile: 
  No lockfile
